2015-09-16 17:59:12 [scrapy] INFO: Scrapy 1.0.1 started (bot: tutorial)
2015-09-16 17:59:12 [scrapy] INFO: Optional features available: ssl, http11
2015-09-16 17:59:12 [scrapy] INFO: Overridden settings: {'NEWSPIDER_MODULE': 'tutorial.spiders', 'SPIDER_MODULES': ['tutorial.spiders'], 'LOG_FILE': 'scrapy.log', 'BOT_NAME': 'tutorial'}
2015-09-16 17:59:12 [scrapy] INFO: Enabled extensions: CloseSpider, TelnetConsole, LogStats, CoreStats, SpiderState
2015-09-16 18:09:13 [scrapy] INFO: Enabled downloader middlewares: ProxyMiddleware, HttpAuthMiddleware, DownloadTimeoutMiddleware, UserAgentMiddleware, RetryMiddleware, DefaultHeadersMiddleware, MetaRefreshMiddleware, HttpCompressionMiddleware, RedirectMiddleware, CookiesMiddleware, ChunkedTransferMiddleware, DownloaderStats
2015-09-16 18:09:13 [scrapy] INFO: Enabled spider middlewares: HttpErrorMiddleware, OffsiteMiddleware, RefererMiddleware, UrlLengthMiddleware, DepthMiddleware
2015-09-16 18:09:13 [scrapy] INFO: Enabled item pipelines: 
2015-09-16 18:09:13 [scrapy] INFO: Spider opened
2015-09-16 18:09:13 [scrapy] INFO: Crawled 0 pages (at 0 pages/min), scraped 0 items (at 0 items/min)
2015-09-16 18:09:13 [scrapy] DEBUG: Telnet console listening on 127.0.0.1:6023
2015-09-16 18:09:13 [root] INFO: Squence - http: 0 - (u'115.44.9.85', u'8118')
2015-09-16 18:09:13 [root] INFO: Squence - http: 1 - (u'119.28.14.97', u'80')
2015-09-16 18:09:16 [scrapy] DEBUG: Crawled (200) <GET http://www.dmoz.org/Computers/Programming/Languages/Python/Resources/> (referer: None)
2015-09-16 18:09:18 [scrapy] DEBUG: Crawled (200) <GET http://www.dmoz.org/Computers/Programming/Languages/Python/Books/> (referer: None)
2015-09-16 18:09:19 [scrapy] INFO: Closing spider (finished)
2015-09-16 18:09:19 [scrapy] INFO: Dumping Scrapy stats:
{'downloader/request_bytes': 514,
 'downloader/request_count': 2,
 'downloader/request_method_count/GET': 2,
 'downloader/response_bytes': 40060,
 'downloader/response_count': 2,
 'downloader/response_status_count/200': 2,
 'finish_reason': 'finished',
 'finish_time': datetime.datetime(2015, 9, 16, 10, 9, 19, 39000),
 'log_count/DEBUG': 3,
 'log_count/INFO': 9,
 'response_received_count': 2,
 'scheduler/dequeued': 2,
 'scheduler/dequeued/memory': 2,
 'scheduler/enqueued': 2,
 'scheduler/enqueued/memory': 2,
 'start_time': datetime.datetime(2015, 9, 16, 10, 9, 13, 711000)}
2015-09-16 18:09:19 [scrapy] INFO: Spider closed (finished)
2017-06-29 10:16:39 [scrapy.utils.log] INFO: Scrapy 1.4.0 started (bot: tutorial)
2017-06-29 10:16:39 [scrapy.utils.log] INFO: Overridden settings: {'NEWSPIDER_MODULE': 'tutorial.spiders', 'SPIDER_MODULES': ['tutorial.spiders'], 'LOG_FILE': 'scrapy.log', 'BOT_NAME': 'tutorial'}
2017-06-29 10:16:39 [scrapy.middleware] INFO: Enabled extensions:
['scrapy.extensions.logstats.LogStats',
 'scrapy.extensions.telnet.TelnetConsole',
 'scrapy.extensions.corestats.CoreStats']
2017-06-29 10:16:39 [twisted] CRITICAL: Unhandled error in Deferred:
2017-06-29 10:16:39 [twisted] CRITICAL: 
Traceback (most recent call last):
  File "e:\my_work\even\gevent\lib\site-packages\twisted\internet\defer.py", line 1386, in _inlineCallbacks
    result = g.send(result)
  File "e:\my_work\even\gevent\lib\site-packages\scrapy\crawler.py", line 95, in crawl
    six.reraise(*exc_info)
  File "e:\my_work\even\gevent\lib\site-packages\scrapy\crawler.py", line 77, in crawl
    self.engine = self._create_engine()
  File "e:\my_work\even\gevent\lib\site-packages\scrapy\crawler.py", line 102, in _create_engine
    return ExecutionEngine(self, lambda _: self.stop())
  File "e:\my_work\even\gevent\lib\site-packages\scrapy\core\engine.py", line 69, in __init__
    self.downloader = downloader_cls(crawler)
  File "e:\my_work\even\gevent\lib\site-packages\scrapy\core\downloader\__init__.py", line 88, in __init__
    self.middleware = DownloaderMiddlewareManager.from_crawler(crawler)
  File "e:\my_work\even\gevent\lib\site-packages\scrapy\middleware.py", line 58, in from_crawler
    return cls.from_settings(crawler.settings, crawler)
  File "e:\my_work\even\gevent\lib\site-packages\scrapy\middleware.py", line 34, in from_settings
    mwcls = load_object(clspath)
  File "e:\my_work\even\gevent\lib\site-packages\scrapy\utils\misc.py", line 44, in load_object
    mod = import_module(module)
  File "c:\python27\Lib\importlib\__init__.py", line 37, in import_module
    __import__(name)
  File "E:\my_space\Scrapy_demos\tutorial\tutorial\middlewares.py", line 8, in <module>
    ips = GetIp().get_ips()
  File "E:\my_space\Scrapy_demos\tutorial\tutorial\proxy.py", line 55, in __init__
    self.result = exec_sql(sql, **kwargs)
  File "E:\my_space\Scrapy_demos\tutorial\tutorial\handledb.py", line 36, in exec_sql
    cur = conn.cursor()
AttributeError: 'NoneType' object has no attribute 'cursor'
2017-06-29 10:17:00 [scrapy.utils.log] INFO: Scrapy 1.4.0 started (bot: tutorial)
2017-06-29 10:17:00 [scrapy.utils.log] INFO: Overridden settings: {'NEWSPIDER_MODULE': 'tutorial.spiders', 'SPIDER_MODULES': ['tutorial.spiders'], 'LOG_FILE': 'scrapy.log', 'BOT_NAME': 'tutorial'}
2017-06-29 10:17:00 [scrapy.middleware] INFO: Enabled extensions:
['scrapy.extensions.logstats.LogStats',
 'scrapy.extensions.telnet.TelnetConsole',
 'scrapy.extensions.corestats.CoreStats']
2017-06-29 10:17:00 [scrapy.middleware] INFO: Enabled downloader middlewares:
['tutorial.middlewares.ProxyMiddleware',
 'scrapy.downloadermiddlewares.httpproxy.HttpProxyMiddleware',
 'scrapy.downloadermiddlewares.httpauth.HttpAuthMiddleware',
 'scrapy.downloadermiddlewares.downloadtimeout.DownloadTimeoutMiddleware',
 'scrapy.downloadermiddlewares.defaultheaders.DefaultHeadersMiddleware',
 'scrapy.downloadermiddlewares.useragent.UserAgentMiddleware',
 'scrapy.downloadermiddlewares.retry.RetryMiddleware',
 'scrapy.downloadermiddlewares.redirect.MetaRefreshMiddleware',
 'scrapy.downloadermiddlewares.httpcompression.HttpCompressionMiddleware',
 'scrapy.downloadermiddlewares.redirect.RedirectMiddleware',
 'scrapy.downloadermiddlewares.cookies.CookiesMiddleware',
 'scrapy.downloadermiddlewares.stats.DownloaderStats']
2017-06-29 10:17:00 [scrapy.middleware] INFO: Enabled spider middlewares:
['scrapy.spidermiddlewares.httperror.HttpErrorMiddleware',
 'scrapy.spidermiddlewares.offsite.OffsiteMiddleware',
 'scrapy.spidermiddlewares.referer.RefererMiddleware',
 'scrapy.spidermiddlewares.urllength.UrlLengthMiddleware',
 'scrapy.spidermiddlewares.depth.DepthMiddleware']
2017-06-29 10:17:00 [scrapy.middleware] INFO: Enabled item pipelines:
[]
2017-06-29 10:17:00 [scrapy.core.engine] INFO: Spider opened
2017-06-29 10:17:00 [scrapy.extensions.logstats] INFO: Crawled 0 pages (at 0 pages/min), scraped 0 items (at 0 items/min)
2017-06-29 10:17:00 [scrapy.extensions.telnet] DEBUG: Telnet console listening on 127.0.0.1:6023
2017-06-29 10:17:00 [scrapy.core.scraper] ERROR: Error downloading <GET http://www.dmoztools.net/Computers/Programming/Languages/Python/Resources/>
Traceback (most recent call last):
  File "e:\my_work\even\gevent\lib\site-packages\twisted\internet\defer.py", line 1386, in _inlineCallbacks
    result = g.send(result)
  File "e:\my_work\even\gevent\lib\site-packages\scrapy\core\downloader\middleware.py", line 37, in process_request
    response = yield method(request=request, spider=spider)
  File "E:\my_space\Scrapy_demos\tutorial\tutorial\middlewares.py", line 22, in process_request
    ips['http'][n][0], int(ips['http'][n][1]))
IndexError: list index out of range
2017-06-29 10:17:00 [scrapy.core.scraper] ERROR: Error downloading <GET http://www.dmoztools.net/Computers/Programming/Languages/Python/Books/>
Traceback (most recent call last):
  File "e:\my_work\even\gevent\lib\site-packages\twisted\internet\defer.py", line 1386, in _inlineCallbacks
    result = g.send(result)
  File "e:\my_work\even\gevent\lib\site-packages\scrapy\core\downloader\middleware.py", line 37, in process_request
    response = yield method(request=request, spider=spider)
  File "E:\my_space\Scrapy_demos\tutorial\tutorial\middlewares.py", line 22, in process_request
    ips['http'][n][0], int(ips['http'][n][1]))
IndexError: list index out of range
2017-06-29 10:17:00 [scrapy.core.engine] INFO: Closing spider (finished)
2017-06-29 10:17:00 [scrapy.statscollectors] INFO: Dumping Scrapy stats:
{'downloader/exception_count': 2,
 'downloader/exception_type_count/exceptions.IndexError': 2,
 'finish_reason': 'finished',
 'finish_time': datetime.datetime(2017, 6, 29, 2, 17, 0, 769000),
 'log_count/DEBUG': 1,
 'log_count/ERROR': 2,
 'log_count/INFO': 7,
 'scheduler/dequeued': 2,
 'scheduler/dequeued/memory': 2,
 'scheduler/enqueued': 2,
 'scheduler/enqueued/memory': 2,
 'start_time': datetime.datetime(2017, 6, 29, 2, 17, 0, 544000)}
2017-06-29 10:17:00 [scrapy.core.engine] INFO: Spider closed (finished)
